C51 COMPILER V9.60.0.0   NEW                                                               01/08/2024 11:40:32 PAGE 1   


C51 COMPILER V9.60.0.0, COMPILATION OF MODULE NEW
OBJECT MODULE PLACED IN .\Objects\new.obj
COMPILER INVOKED BY: C:\Keil_v5\C51\BIN\C51.EXE new.c OPTIMIZE(8,SPEED) BROWSE DEBUG OBJECTEXTEND PRINT(.\Listings\new.l
                    -st) TABS(2) OBJECT(.\Objects\new.obj)

line level    source

   1          #include <reg52.h>
   2          #define uchar unsigned char
   3          #define uint unsigned int
   4          #include "24c02.h"
   5          
   6          sbit dula = P2 ^ 6;
   7          sbit wela = P2 ^ 7;
   8          sbit rs = P3 ^ 5;
   9          sbit lcden = P3 ^ 4;
  10          
  11          sbit s1 = P3 ^ 0;
  12          sbit s2 = P3 ^ 1;
  13          sbit s3 = P3 ^ 2;
  14          sbit s4 = P3 ^ 3;
  15          
  16          sbit rd = P3 ^ 7;
  17          sbit beep = P2 ^ 3;
  18          uchar code table1[] = "Clock:";
  19          uchar code table2[] = "Time:";
  20          uchar count1, count2, s1num1, s1num2, num1, num2;
  21          char R_miao, R_shi, R_fen, T_miao, T_shi, T_fen;
  22          int flag1, flag2, flag3, flag4, beepflag1, beepflag2;
  23          uchar  flicker_flag;
  24          int miao_arrive_flag, fen_arrive_flag, shi_arrive_flag;
  25          
  26          void di();
  27          void Init();
  28          void keyscan();
  29          void TimeInit();
  30          void Time_mode();
  31          void Clock_mode();
  32          void LcdDisplay();
  33          void lcd1602init();
  34          void delayms(uint z);
  35          void fliker_rewrite();
  36          void write_com(uchar);
  37          void write_date(uchar);
  38          void At24c02DataReadInit();
  39          void write_sfm1(uchar add, uchar date);
  40          void write_sfm2(uchar add, uchar date);
  41          void stop_beep(char, char, char, char, char, char);
  42          
  43          void main() {
  44   1        Init();
  45   1        while (1) {
  46   2          keyscan();
  47   2          stop_beep(T_shi, T_fen, T_miao, R_shi, R_fen, R_miao);
  48   2          LcdDisplay();
  49   2        }
  50   1      }
  51          
  52          void TimeInit() {
  53   1        TMOD = 0x01;
  54   1        TH0 = (65535 - 50000) / 256;
C51 COMPILER V9.60.0.0   NEW                                                               01/08/2024 11:40:32 PAGE 2   

  55   1        TL0 = (65535 - 50000) % 256;
  56   1        EA = 1;
  57   1        ET0 = 1;
  58   1        TR0 = 1;
  59   1      }
  60          void lcd1602init() {
  61   1      
  62   1        write_com(0x38);
  63   1        write_com(0x0c);
  64   1        write_com(0x06);
  65   1        write_com(0x01);
  66   1      
  67   1        write_com(0x80 + 0x40 + 15);
  68   1        write_date('1');
  69   1      
  70   1        write_com(0x80);
  71   1        for (num1 = 0; num1 < 6; num1++) {
  72   2          write_date(table1[num1]);
  73   2          delayms(5);
  74   2        }
  75   1        write_com(0x80 + 0x08);
  76   1        write_date(':');
  77   1        write_com(0x80 + 0x0B);
  78   1        write_date(':');
  79   1        write_sfm1(0x06, R_shi);
  80   1        write_sfm1(0x09, R_fen);
  81   1        write_sfm1(0x0c, R_miao);
  82   1      
  83   1        write_com(0x80 + 0x40);
  84   1        for (num2 = 0; num2 < 5; num2++) {
  85   2          write_date(table2[num2]);
  86   2          delayms(5);
  87   2        }
  88   1      
  89   1        write_com(0x80 + 0x40 + 8);
  90   1        write_date(':');
  91   1        write_com(0x80 + 0x40 + 11);
  92   1        write_date(':');
  93   1      
  94   1        write_sfm2(6, T_shi);
  95   1        write_add(4, T_shi);
  96   1        write_sfm2(9, T_fen);
  97   1        write_add(5, T_fen);
  98   1        write_sfm2(12, T_miao);
  99   1        write_add(6, T_miao);
 100   1      }
 101          
 102          int isValidTime(int hour, int minute, int second) {
 103   1        return (hour >= 0 && hour <= 23 && minute >= 0 && minute <= 59 && second >= 0 && second <= 59);
 104   1      }
 105          
 106          void At24c02DataReadInit() {
 107   1        R_shi = read_add(1);
 108   1        R_fen = read_add(2);
 109   1        R_miao = read_add(3);
 110   1        T_shi = read_add(4);
 111   1        T_fen = read_add(5);
 112   1        T_miao = read_add(6);
 113   1      
 114   1        if (!isValidTime(R_shi, R_fen, R_miao) || !isValidTime(T_shi, T_fen, T_miao)) {
 115   2          R_shi = 0;
 116   2          R_fen = 0;
C51 COMPILER V9.60.0.0   NEW                                                               01/08/2024 11:40:32 PAGE 3   

 117   2          R_miao = 0;
 118   2          T_shi = 0;
 119   2          T_fen = 0;
 120   2          T_miao = 0;
 121   2        }
 122   1      }
 123          void Init() {
 124   1        rd = 0;
 125   1        dula = 0;
 126   1        wela = 0;
 127   1        lcden = 0;
 128   1        init_24c02();
 129   1        At24c02DataReadInit();
 130   1        lcd1602init();
 131   1        TimeInit();
 132   1      
 133   1      }
 134          void LcdDisplay() {
 135   1        write_sfm2(12, T_miao);
 136   1        write_add(6, T_miao);
 137   1        if (miao_arrive_flag == 1) {
 138   2          write_sfm2(12, T_miao);
 139   2          write_add(6, T_miao);
 140   2          miao_arrive_flag = 0;
 141   2        }
 142   1        if (fen_arrive_flag == 1) {
 143   2          write_sfm2(9, T_fen);
 144   2          write_add(5, T_fen);
 145   2          fen_arrive_flag = 0;
 146   2        }
 147   1        if (shi_arrive_flag == 1) {
 148   2          write_sfm2(12, T_shi);
 149   2          write_add(4, T_shi);
 150   2          shi_arrive_flag = 0;
 151   2        }
 152   1      }
 153          void keyscan() {
 154   1        if (s1 == 0 && flag1 == 0) {
 155   2          delayms(5);
 156   2          if (s1 == 0) {
 157   3            beepflag1 = 1;
 158   3            beepflag2 = 1;
 159   3            while (!s1);
 160   3            di();
 161   3            s1num2 = 0;
 162   3            // write_com(0x80);
 163   3            // write_com(0x0f);
 164   3          }
 165   2          flag1 = 1;
 166   2          flag2 = 0;
 167   2          flag3 = 1;
 168   2          beepflag1 = 0;
 169   2          beepflag2 = 0;
 170   2        }
 171   1        if (flag1 == 1 && flag2 == 0 && flag3 == 1) {
 172   2          Clock_mode();
 173   2          write_com(0x80 + 0x40 + 15);
 174   2          write_date('1');
 175   2        }
 176   1        if (s1 == 0 && flag1 == 1) {
 177   2          delayms(5);
 178   2          if (s1 == 0) {
C51 COMPILER V9.60.0.0   NEW                                                               01/08/2024 11:40:32 PAGE 4   

 179   3            while (!s1);
 180   3            di();
 181   3            s1num1 = 0;
 182   3            // write_com(0x80 + 0x40);
 183   3            // write_com(0x0f);
 184   3          }
 185   2          flag1 = 0;
 186   2          flag2 = 1;
 187   2          flag3 = 0;
 188   2          beepflag1 = 0;
 189   2          beepflag2 = 0;
 190   2        }
 191   1        if (flag1 == 0 && flag2 == 1 && flag3 == 0) {
 192   2          Time_mode();
 193   2          write_com(0x80 + 0x40 + 15);
 194   2          write_date('2');
 195   2        }
 196   1      }
 197          void Clock_mode() {
 198   1        if (s2 == 0) {
 199   2          delayms(5);
 200   2          if (s2 == 0) {
 201   3            beepflag1 = 0;
 202   3            beepflag2 = 1;
 203   3            s1num2++;
 204   3            while (!s2);
 205   3            di();
 206   3            if (s1num2 == 4) {
 207   4              s1num2 = 0;
 208   4              beepflag1 = 0;
 209   4              beepflag2 = 0;
 210   4              // write_com(0x0c);
 211   4              // write_com(0x0f);
 212   4            }
 213   3          }
 214   2        }
 215   1        if (s1num2 != 0) {
 216   2          if (s3 == 0) {
 217   3            delayms(5);
 218   3            if (s3 == 0) {
 219   4              while (!s3);
 220   4              di();
 221   4              if (s1num2 == 1) {
 222   5                beepflag1 = 1;
 223   5                beepflag2 = 1;
 224   5                R_miao++;
 225   5                if (R_miao == 60)
 226   5                  R_miao = 0;
 227   5                write_sfm1(0x0c, R_miao);
 228   5                write_add(3, R_miao);
 229   5              }
 230   4              if (s1num2 == 2) {
 231   5                beepflag1 = 1;
 232   5                beepflag2 = 1;
 233   5                R_fen++;
 234   5                if (R_fen == 60)
 235   5                  R_fen = 0;
 236   5                write_sfm1(0x09, R_fen);
 237   5                write_add(2, R_fen);
 238   5              }
 239   4              if (s1num2 == 3) {
 240   5                beepflag1 = 1;
C51 COMPILER V9.60.0.0   NEW                                                               01/08/2024 11:40:32 PAGE 5   

 241   5                beepflag2 = 1;
 242   5                R_shi++;
 243   5                if (R_shi == 24)
 244   5                  R_shi = 0;
 245   5                write_sfm1(0x06, R_shi);
 246   5                write_add(1, R_shi);
 247   5              }
 248   4      
 249   4            }
 250   3          }
 251   2          if (s4 == 0) {
 252   3            delayms(5);
 253   3            if (s4 == 0) {
 254   4              while (!s4);
 255   4              di();
 256   4              if (s1num2 == 1) {
 257   5                beepflag1 = 1;
 258   5                beepflag2 = 1;
 259   5                R_miao--;
 260   5                if (R_miao == -1)
 261   5                  R_miao = 59;
 262   5                write_sfm1(0x0c, R_miao);
 263   5                write_add(3, R_miao);
 264   5              }
 265   4              if (s1num2 == 2) {
 266   5                beepflag1 = 1;
 267   5                beepflag2 = 1;
 268   5                R_fen--;
 269   5                if (R_fen == -1)
 270   5                  R_fen = 59;
 271   5                write_sfm1(0x09, R_fen);
 272   5                write_add(2, R_fen);
 273   5              }
 274   4              if (s1num2 == 3) {
 275   5                beepflag1 = 1;
 276   5                beepflag2 = 1;
 277   5                R_shi--;
 278   5                if (R_shi == -1)
 279   5                  R_shi = 23;
 280   5                write_sfm1(0x06, R_shi);
 281   5                write_add(1, R_shi);
 282   5              }
 283   4            }
 284   3          }
 285   2        }
 286   1      }
 287          void Time_mode() {
 288   1        if (s2 == 0) {
 289   2          delayms(5);
 290   2          if (s2 == 0) {
 291   3      
 292   3            s1num1++;
 293   3            while (!s2);
 294   3            di();
 295   3            if (s1num1 == 4) {
 296   4              s1num1 = 0;
 297   4              write_com(0x0c);
 298   4              // write_com(0x0f);
 299   4              TR0 = 1;
 300   4            }
 301   3          }
 302   2        }
C51 COMPILER V9.60.0.0   NEW                                                               01/08/2024 11:40:32 PAGE 6   

 303   1        if (s1num1 != 0) {
 304   2          if (s3 == 0) {
 305   3            delayms(5);
 306   3            if (s3 == 0) {
 307   4              while (!s3);
 308   4              di();
 309   4              if (s1num1 == 1) {
 310   5                T_miao++;
 311   5                if (T_miao == 60)
 312   5                  T_miao = 0;
 313   5                write_sfm2(12, T_miao);
 314   5                write_add(6, T_miao);
 315   5              }
 316   4              if (s1num1 == 2) {
 317   5                T_fen++;
 318   5                if (T_fen == 60)
 319   5                  T_fen = 0;
 320   5                write_sfm2(9, T_fen);
 321   5                write_add(5, T_fen);
 322   5              }
 323   4              if (s1num1 == 3) {
 324   5                T_shi++;
 325   5                if (T_shi == 24)
 326   5                  T_shi = 0;
 327   5                write_sfm2(6, T_shi);
 328   5                write_add(4, T_shi);
 329   5              }
 330   4            }
 331   3          }
 332   2          if (s4 == 0) {
 333   3            delayms(5);
 334   3            if (s4 == 0) {
 335   4              while (!s4);
 336   4              di();
 337   4              if (s1num1 == 1) {
 338   5                T_miao--;
 339   5                if (T_miao == -1)
 340   5                  T_miao = 59;
 341   5                write_sfm2(12, T_miao);
 342   5                write_add(6, T_miao);
 343   5              }
 344   4              if (s1num1 == 2) {
 345   5                T_fen--;
 346   5                if (T_fen == -1)
 347   5                  T_fen = 59;
 348   5                write_sfm2(9, T_fen);
 349   5                write_add(5, T_fen);
 350   5              }
 351   4              if (s1num1 == 3) {
 352   5                T_shi--;
 353   5                if (T_shi == -1)
 354   5                  T_shi = 23;
 355   5                write_sfm2(6, T_shi);
 356   5                write_add(4, T_shi);
 357   5              }
 358   4            }
 359   3          }
 360   2        }
 361   1      }
 362          void fliker_rewrite() {
 363   1        write_sfm1(0x06, R_shi);
 364   1        write_date(':');
C51 COMPILER V9.60.0.0   NEW                                                               01/08/2024 11:40:32 PAGE 7   

 365   1        write_sfm1(0x09, R_fen);
 366   1        write_date(':');
 367   1        write_sfm1(0x0c, R_miao);
 368   1      }
 369          void stop_beep(char T_shi, char T_fen, char T_miao, char R_shi, char R_fen, char R_miao) {
 370   1        uint num;
 371   1        if (T_shi == R_shi && T_fen == R_fen && T_miao == R_miao) {
 372   2          while (beepflag1 == 0 && beepflag2 == 0) {
 373   3            if (flicker_flag == 1) {
 374   4              write_com(0x80 + 0x06);
 375   4              for (num = 0; num < 8; num++)
 376   4                write_date(' ');
 377   4            } else
 378   3              fliker_rewrite();
 379   3            di();
 380   3            LcdDisplay();
 381   3            delayms(5);
 382   3            if (s1 == 0 || s2 == 0 || s3 == 0 || s4 == 0) {
 383   4              delayms(5);
 384   4              if (s1 == 0) {
 385   5                while (!s1);
 386   5                beep = 1;
 387   5                beepflag1 = 1;
 388   5                fliker_rewrite();
 389   5              } else if (s2 == 0) {
 390   5                while (!s2);
 391   5                beep = 1;
 392   5                beepflag1 = 1;
 393   5                fliker_rewrite();
 394   5              } else if (s3 == 0) {
 395   5                while (!s3);
 396   5                beep = 1;
 397   5                beepflag1 = 1;
 398   5                fliker_rewrite();
 399   5              } else if (s4 == 0) {
 400   5                while (!s4);
 401   5                beep = 1;
 402   5                beepflag1 = 1;
 403   5                fliker_rewrite();
 404   5              }
 405   4            }
 406   3          }
 407   2        }
 408   1        if (beepflag1 == 0 && beepflag2 == 1)
 409   1          beep = 1;
 410   1      }
 411          void di() {
 412   1        beep = 0;
 413   1        delayms(200);
 414   1        beep = 1;
 415   1        delayms(200);
 416   1      }
 417          void write_sfm1(uchar add, uchar date) {
 418   1        uchar R_shi, R_ge;
 419   1        R_shi = date / 10;
 420   1        R_ge = date % 10;
 421   1        write_com(0x80 + add);
 422   1        write_date(0x30 + R_shi);
 423   1        write_date(0x30 + R_ge);
 424   1      }
 425          void write_sfm2(uchar add, uchar date) {
 426   1        uchar T_shi, T_ge;
C51 COMPILER V9.60.0.0   NEW                                                               01/08/2024 11:40:32 PAGE 8   

 427   1        T_shi = date / 10;
 428   1        T_ge = date % 10;
 429   1        write_com(0x80 + 0x40 + add);
 430   1        write_date(0x30 + T_shi);
 431   1        write_date(0x30 + T_ge);
 432   1      }
 433          void write_com(uchar com) {
 434   1        rs = 0;
 435   1        lcden = 0;
 436   1        P0 = com;
 437   1        delayms(5);
 438   1        lcden = 1;
 439   1        delayms(5);
 440   1        lcden = 0;
 441   1      }
 442          void write_date(uchar date) {
 443   1        rs = 1;
 444   1        lcden = 0;
 445   1        P0 = date;
 446   1        delayms(5);
 447   1        lcden = 1;
 448   1        delayms(5);
 449   1        lcden = 0;
 450   1      }
 451          void delayms(uint z) {
 452   1        uint x, y;
 453   1        for (x = z; x > 0; x--)
 454   1          for (y = 110; y > 0; y--);
 455   1      }
 456          
 457          void timer0() interrupt 1 {
 458   1      
 459   1        TH0 = (65536 - 50000) / 256;
 460   1        TL0 = (65536 - 50000) % 256;
 461   1        count1++;
 462   1        count2++;
 463   1        if (count1 == 20) {
 464   2          count1 = 0;
 465   2          T_miao++;
 466   2          write_add(6, T_miao);
 467   2          if (T_miao == 60)
 468   2            miao_arrive_flag = 1;
 469   2        }
 470   1        if (T_miao >= 60) {
 471   2          T_miao = 0;
 472   2          T_fen++;
 473   2          fen_arrive_flag = 1;
 474   2        }
 475   1        write_add(5, T_fen);
 476   1        if (T_fen >= 60) {
 477   2          T_fen = 0;
 478   2          T_shi++;
 479   2          shi_arrive_flag = 1;
 480   2        }
 481   1      
 482   1        if (T_shi == 24)
 483   1          T_shi = 0;
 484   1        write_add(4, T_shi);
 485   1        if (count2 == 10) {
 486   2          count2 = 0;
 487   2          flicker_flag = !flicker_flag;
 488   2        }
C51 COMPILER V9.60.0.0   NEW                                                               01/08/2024 11:40:32 PAGE 9   

 489   1      }


MODULE INFORMATION:   STATIC OVERLAYABLE
   CODE SIZE        =   2088    ----
   CONSTANT SIZE    =     13    ----
   XDATA SIZE       =   ----    ----
   PDATA SIZE       =   ----    ----
   DATA SIZE        =     31      13
   IDATA SIZE       =   ----    ----
   BIT SIZE         =      1    ----
END OF MODULE INFORMATION.


C51 COMPILATION COMPLETE.  0 WARNING(S),  0 ERROR(S)
